#
# There is insufficient memory for the Java Runtime Environment to continue.
# Native memory allocation (malloc) failed to allocate 398256 bytes. Error detail: Chunk::new
# Possible reasons:
#   The system is out of physical RAM or swap space
#   This process is running with CompressedOops enabled, and the Java Heap may be blocking the growth of the native heap
# Possible solutions:
#   Reduce memory load on the system
#   Increase physical memory or swap space
#   Check if swap backing store is full
#   Decrease Java heap size (-Xmx/-Xms)
#   Decrease number of Java threads
#   Decrease Java thread stack sizes (-Xss)
#   Set larger code cache with -XX:ReservedCodeCacheSize=
#   JVM is running with Unscaled Compressed Oops mode in which the Java heap is
#     placed in the first 4GB address space. The Java Heap base address is the
#     maximum limit for the native heap growth. Please use -XX:HeapBaseMinAddress
#     to set the Java Heap base and to place the Java Heap above 4GB virtual address.
# This output file may be truncated or incomplete.
#
#  Out of Memory Error (arena.cpp:149), pid=14472, tid=15348
#
# JRE version: OpenJDK Runtime Environment (23.0.1+11) (build 23.0.1+11-39)
# Java VM: OpenJDK 64-Bit Server VM (23.0.1+11-39, mixed mode, sharing, tiered, compressed oops, compressed class ptrs, g1 gc, windows-amd64)
# No core dump will be written. Minidumps are not enabled by default on client versions of Windows
#

---------------  S U M M A R Y ------------

Command Line: -javaagent:C:\Users\NIRAV DAVE\AppData\Local\JetBrains\IntelliJ IDEA Community Edition 2024.2.3\lib\idea_rt.jar=50344:C:\Users\NIRAV DAVE\AppData\Local\JetBrains\IntelliJ IDEA Community Edition 2024.2.3\bin -Dfile.encoding=UTF-8 -Dsun.stdout.encoding=UTF-8 -Dsun.stderr.encoding=UTF-8 com.neerav.Task002

Host: 11th Gen Intel(R) Core(TM) i3-1125G4 @ 2.00GHz, 8 cores, 7G,  Windows 11 , 64 bit Build 22621 (10.0.22621.4391)
Time: Wed Dec 11 06:19:49 2024 India Standard Time elapsed time: 2.052306 seconds (0d 0h 0m 2s)

---------------  T H R E A D  ---------------

Current thread (0x00000235912c3970):  JavaThread "C2 CompilerThread0" daemon [_thread_in_native, id=15348, stack(0x0000004c03400000,0x0000004c03500000) (1024K)]


Current CompileTask:
C2:2052 3136       4       java.util.regex.Pattern::compile (537 bytes)

Stack: [0x0000004c03400000,0x0000004c03500000]
Native frames: (J=compiled Java code, j=interpreted, Vv=VM code, C=native code)
V  [jvm.dll+0x6e08b9]  (no source info available)
V  [jvm.dll+0x87dc83]  (no source info available)
V  [jvm.dll+0x88010e]  (no source info available)
V  [jvm.dll+0x8807e3]  (no source info available)
V  [jvm.dll+0x27aee6]  (no source info available)
V  [jvm.dll+0xbc06f]  (no source info available)
V  [jvm.dll+0xbc2cb]  (no source info available)
V  [jvm.dll+0x2ee94d]  (no source info available)
V  [jvm.dll+0x6063d9]  (no source info available)
V  [jvm.dll+0x24ddf2]  (no source info available)
V  [jvm.dll+0x2467f7]  (no source info available)
V  [jvm.dll+0x243d04]  (no source info available)
V  [jvm.dll+0x1c33a0]  (no source info available)
V  [jvm.dll+0x253cf1]  (no source info available)
V  [jvm.dll+0x251faa]  (no source info available)
V  [jvm.dll+0x3ee036]  (no source info available)
V  [jvm.dll+0x824f8b]  (no source info available)
V  [jvm.dll+0x6df065]  (no source info available)
C  [ucrtbase.dll+0x29333]  (no source info available)
C  [KERNEL32.DLL+0x1259d]  (no source info available)
C  [ntdll.dll+0x5af38]  (no source info available)

Lock stack of current Java thread (top to bottom):


---------------  P R O C E S S  ---------------

Threads class SMR info:
_java_thread_list=0x00000235d74bbc40, length=14, elements={
0x00000235f2265950, 0x00000235912b2110, 0x00000235912b2fc0, 0x00000235912b5100,
0x00000235912b6dc0, 0x00000235912bd950, 0x00000235912be5e0, 0x00000235912c3970,
0x00000235912c4920, 0x000002359140cd40, 0x00000235916ac760, 0x00000235916acdd0,
0x00000235d747f910, 0x00000235d7239810
}

Java Threads: ( => current thread )
  0x00000235f2265950 JavaThread "main"                              [_thread_in_vm, id=3568, stack(0x0000004c02600000,0x0000004c02700000) (1024K)]
  0x00000235912b2110 JavaThread "Reference Handler"          daemon [_thread_blocked, id=4088, stack(0x0000004c02e00000,0x0000004c02f00000) (1024K)]
  0x00000235912b2fc0 JavaThread "Finalizer"                  daemon [_thread_blocked, id=10580, stack(0x0000004c02f00000,0x0000004c03000000) (1024K)]
  0x00000235912b5100 JavaThread "Signal Dispatcher"          daemon [_thread_blocked, id=16000, stack(0x0000004c03000000,0x0000004c03100000) (1024K)]
  0x00000235912b6dc0 JavaThread "Attach Listener"            daemon [_thread_blocked, id=6560, stack(0x0000004c03100000,0x0000004c03200000) (1024K)]
  0x00000235912bd950 JavaThread "Service Thread"             daemon [_thread_blocked, id=1284, stack(0x0000004c03200000,0x0000004c03300000) (1024K)]
  0x00000235912be5e0 JavaThread "Monitor Deflation Thread"   daemon [_thread_blocked, id=10716, stack(0x0000004c03300000,0x0000004c03400000) (1024K)]
=>0x00000235912c3970 JavaThread "C2 CompilerThread0"         daemon [_thread_in_native, id=15348, stack(0x0000004c03400000,0x0000004c03500000) (1024K)]
  0x00000235912c4920 JavaThread "C1 CompilerThread0"         daemon [_thread_in_native, id=8144, stack(0x0000004c03500000,0x0000004c03600000) (1024K)]
  0x000002359140cd40 JavaThread "Common-Cleaner"             daemon [_thread_blocked, id=14660, stack(0x0000004c03600000,0x0000004c03700000) (1024K)]
  0x00000235916ac760 JavaThread "Monitor Ctrl-Break"         daemon [_thread_in_native, id=6228, stack(0x0000004c03800000,0x0000004c03900000) (1024K)]
  0x00000235916acdd0 JavaThread "Notification Thread"        daemon [_thread_blocked, id=14412, stack(0x0000004c03900000,0x0000004c03a00000) (1024K)]
  0x00000235d747f910 JavaThread "ForkJoinPool.commonPool-worker-1" daemon [_thread_blocked, id=11176, stack(0x0000004c04100000,0x0000004c04200000) (1024K)]
  0x00000235d7239810 JavaThread "ForkJoinPool.commonPool-worker-2" daemon [_thread_blocked, id=6516, stack(0x0000004c04200000,0x0000004c04300000) (1024K)]
Total: 14

Other Threads:
  0x0000023591299360 VMThread "VM Thread"                           [id=6140, stack(0x0000004c02d00000,0x0000004c02e00000) (1024K)]
  0x0000023591287d70 WatcherThread "VM Periodic Task Thread"        [id=15248, stack(0x0000004c02c00000,0x0000004c02d00000) (1024K)]
  0x00000235f4548250 WorkerThread "GC Thread#0"                     [id=14916, stack(0x0000004c02700000,0x0000004c02800000) (1024K)]
  0x00000235d7183960 WorkerThread "GC Thread#1"                     [id=16532, stack(0x0000004c03a00000,0x0000004c03b00000) (1024K)]
  0x00000235d71ba080 WorkerThread "GC Thread#2"                     [id=10348, stack(0x0000004c03b00000,0x0000004c03c00000) (1024K)]
  0x00000235d71b9cd0 WorkerThread "GC Thread#3"                     [id=17296, stack(0x0000004c03c00000,0x0000004c03d00000) (1024K)]
  0x00000235d71ba430 WorkerThread "GC Thread#4"                     [id=14476, stack(0x0000004c03d00000,0x0000004c03e00000) (1024K)]
  0x00000235d71b8a60 WorkerThread "GC Thread#5"                     [id=10612, stack(0x0000004c03e00000,0x0000004c03f00000) (1024K)]
  0x00000235d71b9920 WorkerThread "GC Thread#6"                     [id=7616, stack(0x0000004c03f00000,0x0000004c04000000) (1024K)]
  0x00000235d71b8e10 WorkerThread "GC Thread#7"                     [id=16124, stack(0x0000004c04000000,0x0000004c04100000) (1024K)]
  0x00000235f455c8a0 ConcurrentGCThread "G1 Main Marker"            [id=13684, stack(0x0000004c02800000,0x0000004c02900000) (1024K)]
  0x00000235f455d3b0 WorkerThread "G1 Conc#0"                       [id=13732, stack(0x0000004c02900000,0x0000004c02a00000) (1024K)]
  0x00000235f45ae850 ConcurrentGCThread "G1 Refine#0"               [id=15016, stack(0x0000004c02a00000,0x0000004c02b00000) (1024K)]
  0x0000023591158700 ConcurrentGCThread "G1 Service"                [id=13712, stack(0x0000004c02b00000,0x0000004c02c00000) (1024K)]
Total: 14

Threads with active compile tasks:
C2 CompilerThread0  2096 3136       4       java.util.regex.Pattern::compile (537 bytes)
C1 CompilerThread0  2096 3172       3       java.util.regex.Pattern$Start::match (90 bytes)
Total: 2

VM state: not at safepoint (normal execution)

VM Mutex/Monitor currently owned by a thread: None

Heap address: 0x0000000084000000, size: 1984 MB, Compressed Oops mode: 32-bit

CDS archive(s) mapped at: [0x0000023592000000-0x0000023592d70000-0x0000023592d70000), size 14090240, SharedBaseAddress: 0x0000023592000000, ArchiveRelocationMode: 1.
Compressed class space mapped at: 0x0000023593000000-0x00000235d3000000, reserved size: 1073741824
Narrow klass base: 0x0000023592000000, Narrow klass shift: 0, Narrow klass range: 0x41000000

GC Precious Log:
 CardTable entry size: 512
 Card Set container configuration: InlinePtr #cards 5 size 8 Array Of Cards #cards 10 size 36 Howl #buckets 4 coarsen threshold 1843 Howl Bitmap #cards 512 size 80 coarsen threshold 460 Card regions per heap region 1 cards per card region 2048
 CPUs: 8 total, 8 available
 Memory: 7932M
 Large Page Support: Disabled
 NUMA Support: Disabled
 Compressed Oops: Enabled (32-bit)
 Heap Region Size: 1M
 Heap Min Capacity: 8M
 Heap Initial Capacity: 124M
 Heap Max Capacity: 1984M
 Pre-touch: Disabled
 Parallel Workers: 8
 Concurrent Workers: 2
 Concurrent Refinement Workers: 8
 Periodic GC: Disabled

Heap:
 garbage-first heap   total reserved 2031616K, committed 126976K, used 20310K [0x0000000084000000, 0x0000000100000000)
  region size 1024K, 11 young (11264K), 6 survivors (6144K)
 Metaspace       used 17687K, committed 18240K, reserved 1114112K
  class space    used 2070K, committed 2304K, reserved 1048576K

Heap Regions: E=young(eden), S=young(survivor), O=old, HS=humongous(starts), HC=humongous(continues), CS=collection set, F=free, TAMS=top-at-mark-start, PB=parsable bottom
|   0|0x0000000084000000, 0x0000000084100000, 0x0000000084100000|100%| O|  |TAMS 0x0000000084000000| PB 0x0000000084000000| Untracked |  0
|   1|0x0000000084100000, 0x0000000084200000, 0x0000000084200000|100%| O|  |TAMS 0x0000000084100000| PB 0x0000000084100000| Untracked |  0
|   2|0x0000000084200000, 0x0000000084300000, 0x0000000084300000|100%| O|  |TAMS 0x0000000084200000| PB 0x0000000084200000| Untracked |  0
|   3|0x0000000084300000, 0x0000000084400000, 0x0000000084400000|100%| O|  |TAMS 0x0000000084300000| PB 0x0000000084300000| Untracked |  0
|   4|0x0000000084400000, 0x0000000084500000, 0x0000000084500000|100%| O|  |TAMS 0x0000000084400000| PB 0x0000000084400000| Untracked |  0
|   5|0x0000000084500000, 0x0000000084600000, 0x0000000084600000|100%| O|  |TAMS 0x0000000084500000| PB 0x0000000084500000| Untracked |  0
|   6|0x0000000084600000, 0x0000000084700000, 0x0000000084700000|100%| O|  |TAMS 0x0000000084600000| PB 0x0000000084600000| Untracked |  0
|   7|0x0000000084700000, 0x0000000084800000, 0x0000000084800000|100%| O|  |TAMS 0x0000000084700000| PB 0x0000000084700000| Untracked |  0
|   8|0x0000000084800000, 0x0000000084900000, 0x0000000084900000|100%| O|  |TAMS 0x0000000084800000| PB 0x0000000084800000| Untracked |  0
|   9|0x0000000084900000, 0x00000000849d59b0, 0x0000000084a00000| 83%| O|  |TAMS 0x0000000084900000| PB 0x0000000084900000| Untracked |  0
|  10|0x0000000084a00000, 0x0000000084a00000, 0x0000000084b00000|  0%| F|  |TAMS 0x0000000084a00000| PB 0x0000000084a00000| Untracked |  0
|  11|0x0000000084b00000, 0x0000000084b00000, 0x0000000084c00000|  0%| F|  |TAMS 0x0000000084b00000| PB 0x0000000084b00000| Untracked |  0
|  12|0x0000000084c00000, 0x0000000084c00000, 0x0000000084d00000|  0%| F|  |TAMS 0x0000000084c00000| PB 0x0000000084c00000| Untracked |  0
|  13|0x0000000084d00000, 0x0000000084d00000, 0x0000000084e00000|  0%| F|  |TAMS 0x0000000084d00000| PB 0x0000000084d00000| Untracked |  0
|  14|0x0000000084e00000, 0x0000000084e00000, 0x0000000084f00000|  0%| F|  |TAMS 0x0000000084e00000| PB 0x0000000084e00000| Untracked |  0
|  15|0x0000000084f00000, 0x0000000084f00000, 0x0000000085000000|  0%| F|  |TAMS 0x0000000084f00000| PB 0x0000000084f00000| Untracked |  0
|  16|0x0000000085000000, 0x0000000085000000, 0x0000000085100000|  0%| F|  |TAMS 0x0000000085000000| PB 0x0000000085000000| Untracked |  0
|  17|0x0000000085100000, 0x0000000085100000, 0x0000000085200000|  0%| F|  |TAMS 0x0000000085100000| PB 0x0000000085100000| Untracked |  0
|  18|0x0000000085200000, 0x0000000085200000, 0x0000000085300000|  0%| F|  |TAMS 0x0000000085200000| PB 0x0000000085200000| Untracked |  0
|  19|0x0000000085300000, 0x0000000085300000, 0x0000000085400000|  0%| F|  |TAMS 0x0000000085300000| PB 0x0000000085300000| Untracked |  0
|  20|0x0000000085400000, 0x0000000085400000, 0x0000000085500000|  0%| F|  |TAMS 0x0000000085400000| PB 0x0000000085400000| Untracked |  0
|  21|0x0000000085500000, 0x0000000085500000, 0x0000000085600000|  0%| F|  |TAMS 0x0000000085500000| PB 0x0000000085500000| Untracked |  0
|  22|0x0000000085600000, 0x0000000085600000, 0x0000000085700000|  0%| F|  |TAMS 0x0000000085600000| PB 0x0000000085600000| Untracked |  0
|  23|0x0000000085700000, 0x0000000085700000, 0x0000000085800000|  0%| F|  |TAMS 0x0000000085700000| PB 0x0000000085700000| Untracked |  0
|  24|0x0000000085800000, 0x0000000085800000, 0x0000000085900000|  0%| F|  |TAMS 0x0000000085800000| PB 0x0000000085800000| Untracked |  0
|  25|0x0000000085900000, 0x0000000085900000, 0x0000000085a00000|  0%| F|  |TAMS 0x0000000085900000| PB 0x0000000085900000| Untracked |  0
|  26|0x0000000085a00000, 0x0000000085a00000, 0x0000000085b00000|  0%| F|  |TAMS 0x0000000085a00000| PB 0x0000000085a00000| Untracked |  0
|  27|0x0000000085b00000, 0x0000000085b00000, 0x0000000085c00000|  0%| F|  |TAMS 0x0000000085b00000| PB 0x0000000085b00000| Untracked |  0
|  28|0x0000000085c00000, 0x0000000085c00000, 0x0000000085d00000|  0%| F|  |TAMS 0x0000000085c00000| PB 0x0000000085c00000| Untracked |  0
|  29|0x0000000085d00000, 0x0000000085d00000, 0x0000000085e00000|  0%| F|  |TAMS 0x0000000085d00000| PB 0x0000000085d00000| Untracked |  0
|  30|0x0000000085e00000, 0x0000000085e00000, 0x0000000085f00000|  0%| F|  |TAMS 0x0000000085e00000| PB 0x0000000085e00000| Untracked |  0
|  31|0x0000000085f00000, 0x0000000085f00000, 0x0000000086000000|  0%| F|  |TAMS 0x0000000085f00000| PB 0x0000000085f00000| Untracked |  0
|  32|0x0000000086000000, 0x0000000086000000, 0x0000000086100000|  0%| F|  |TAMS 0x0000000086000000| PB 0x0000000086000000| Untracked |  0
|  33|0x0000000086100000, 0x0000000086100000, 0x0000000086200000|  0%| F|  |TAMS 0x0000000086100000| PB 0x0000000086100000| Untracked |  0
|  34|0x0000000086200000, 0x0000000086200000, 0x0000000086300000|  0%| F|  |TAMS 0x0000000086200000| PB 0x0000000086200000| Untracked |  0
|  35|0x0000000086300000, 0x0000000086300000, 0x0000000086400000|  0%| F|  |TAMS 0x0000000086300000| PB 0x0000000086300000| Untracked |  0
|  36|0x0000000086400000, 0x0000000086400000, 0x0000000086500000|  0%| F|  |TAMS 0x0000000086400000| PB 0x0000000086400000| Untracked |  0
|  37|0x0000000086500000, 0x0000000086500000, 0x0000000086600000|  0%| F|  |TAMS 0x0000000086500000| PB 0x0000000086500000| Untracked |  0
|  38|0x0000000086600000, 0x0000000086600000, 0x0000000086700000|  0%| F|  |TAMS 0x0000000086600000| PB 0x0000000086600000| Untracked |  0
|  39|0x0000000086700000, 0x0000000086700000, 0x0000000086800000|  0%| F|  |TAMS 0x0000000086700000| PB 0x0000000086700000| Untracked |  0
|  40|0x0000000086800000, 0x0000000086800000, 0x0000000086900000|  0%| F|  |TAMS 0x0000000086800000| PB 0x0000000086800000| Untracked |  0
|  41|0x0000000086900000, 0x0000000086900000, 0x0000000086a00000|  0%| F|  |TAMS 0x0000000086900000| PB 0x0000000086900000| Untracked |  0
|  42|0x0000000086a00000, 0x0000000086a00000, 0x0000000086b00000|  0%| F|  |TAMS 0x0000000086a00000| PB 0x0000000086a00000| Untracked |  0
|  43|0x0000000086b00000, 0x0000000086b00000, 0x0000000086c00000|  0%| F|  |TAMS 0x0000000086b00000| PB 0x0000000086b00000| Untracked |  0
|  44|0x0000000086c00000, 0x0000000086c00000, 0x0000000086d00000|  0%| F|  |TAMS 0x0000000086c00000| PB 0x0000000086c00000| Untracked |  0
|  45|0x0000000086d00000, 0x0000000086d00000, 0x0000000086e00000|  0%| F|  |TAMS 0x0000000086d00000| PB 0x0000000086d00000| Untracked |  0
|  46|0x0000000086e00000, 0x0000000086e00000, 0x0000000086f00000|  0%| F|  |TAMS 0x0000000086e00000| PB 0x0000000086e00000| Untracked |  0
|  47|0x0000000086f00000, 0x0000000086f00000, 0x0000000087000000|  0%| F|  |TAMS 0x0000000086f00000| PB 0x0000000086f00000| Untracked |  0
|  48|0x0000000087000000, 0x0000000087000000, 0x0000000087100000|  0%| F|  |TAMS 0x0000000087000000| PB 0x0000000087000000| Untracked |  0
|  49|0x0000000087100000, 0x0000000087100000, 0x0000000087200000|  0%| F|  |TAMS 0x0000000087100000| PB 0x0000000087100000| Untracked |  0
|  50|0x0000000087200000, 0x0000000087200000, 0x0000000087300000|  0%| F|  |TAMS 0x0000000087200000| PB 0x0000000087200000| Untracked |  0
|  51|0x0000000087300000, 0x0000000087300000, 0x0000000087400000|  0%| F|  |TAMS 0x0000000087300000| PB 0x0000000087300000| Untracked |  0
|  52|0x0000000087400000, 0x0000000087400000, 0x0000000087500000|  0%| F|  |TAMS 0x0000000087400000| PB 0x0000000087400000| Untracked |  0
|  53|0x0000000087500000, 0x0000000087500000, 0x0000000087600000|  0%| F|  |TAMS 0x0000000087500000| PB 0x0000000087500000| Untracked |  0
|  54|0x0000000087600000, 0x0000000087600000, 0x0000000087700000|  0%| F|  |TAMS 0x0000000087600000| PB 0x0000000087600000| Untracked |  0
|  55|0x0000000087700000, 0x0000000087700000, 0x0000000087800000|  0%| F|  |TAMS 0x0000000087700000| PB 0x0000000087700000| Untracked |  0
|  56|0x0000000087800000, 0x0000000087800000, 0x0000000087900000|  0%| F|  |TAMS 0x0000000087800000| PB 0x0000000087800000| Untracked |  0
|  57|0x0000000087900000, 0x0000000087900000, 0x0000000087a00000|  0%| F|  |TAMS 0x0000000087900000| PB 0x0000000087900000| Untracked |  0
|  58|0x0000000087a00000, 0x0000000087a00000, 0x0000000087b00000|  0%| F|  |TAMS 0x0000000087a00000| PB 0x0000000087a00000| Untracked |  0
|  59|0x0000000087b00000, 0x0000000087b00000, 0x0000000087c00000|  0%| F|  |TAMS 0x0000000087b00000| PB 0x0000000087b00000| Untracked |  0
|  60|0x0000000087c00000, 0x0000000087c00000, 0x0000000087d00000|  0%| F|  |TAMS 0x0000000087c00000| PB 0x0000000087c00000| Untracked |  0
|  61|0x0000000087d00000, 0x0000000087d00000, 0x0000000087e00000|  0%| F|  |TAMS 0x0000000087d00000| PB 0x0000000087d00000| Untracked |  0
|  62|0x0000000087e00000, 0x0000000087e00000, 0x0000000087f00000|  0%| F|  |TAMS 0x0000000087e00000| PB 0x0000000087e00000| Untracked |  0
|  63|0x0000000087f00000, 0x0000000087f00000, 0x0000000088000000|  0%| F|  |TAMS 0x0000000087f00000| PB 0x0000000087f00000| Untracked |  0
|  64|0x0000000088000000, 0x0000000088000000, 0x0000000088100000|  0%| F|  |TAMS 0x0000000088000000| PB 0x0000000088000000| Untracked |  0
|  65|0x0000000088100000, 0x0000000088100000, 0x0000000088200000|  0%| F|  |TAMS 0x0000000088100000| PB 0x0000000088100000| Untracked |  0
|  66|0x0000000088200000, 0x0000000088200000, 0x0000000088300000|  0%| F|  |TAMS 0x0000000088200000| PB 0x0000000088200000| Untracked |  0
|  67|0x0000000088300000, 0x0000000088300000, 0x0000000088400000|  0%| F|  |TAMS 0x0000000088300000| PB 0x0000000088300000| Untracked |  0
|  68|0x0000000088400000, 0x0000000088400000, 0x0000000088500000|  0%| F|  |TAMS 0x0000000088400000| PB 0x0000000088400000| Untracked |  0
|  69|0x0000000088500000, 0x0000000088500000, 0x0000000088600000|  0%| F|  |TAMS 0x0000000088500000| PB 0x0000000088500000| Untracked |  0
|  70|0x0000000088600000, 0x0000000088600000, 0x0000000088700000|  0%| F|  |TAMS 0x0000000088600000| PB 0x0000000088600000| Untracked |  0
|  71|0x0000000088700000, 0x0000000088700000, 0x0000000088800000|  0%| F|  |TAMS 0x0000000088700000| PB 0x0000000088700000| Untracked |  0
|  72|0x0000000088800000, 0x0000000088800000, 0x0000000088900000|  0%| F|  |TAMS 0x0000000088800000| PB 0x0000000088800000| Untracked |  0
|  73|0x0000000088900000, 0x0000000088900000, 0x0000000088a00000|  0%| F|  |TAMS 0x0000000088900000| PB 0x0000000088900000| Untracked |  0
|  74|0x0000000088a00000, 0x0000000088a00000, 0x0000000088b00000|  0%| F|  |TAMS 0x0000000088a00000| PB 0x0000000088a00000| Untracked |  0
|  75|0x0000000088b00000, 0x0000000088b00000, 0x0000000088c00000|  0%| F|  |TAMS 0x0000000088b00000| PB 0x0000000088b00000| Untracked |  0
|  76|0x0000000088c00000, 0x0000000088c00000, 0x0000000088d00000|  0%| F|  |TAMS 0x0000000088c00000| PB 0x0000000088c00000| Untracked |  0
|  77|0x0000000088d00000, 0x0000000088e00000, 0x0000000088e00000|100%| S|CS|TAMS 0x0000000088d00000| PB 0x0000000088d00000| Complete |  0
|  78|0x0000000088e00000, 0x0000000088f00000, 0x0000000088f00000|100%| S|CS|TAMS 0x0000000088e00000| PB 0x0000000088e00000| Complete |  0
|  79|0x0000000088f00000, 0x0000000089000000, 0x0000000089000000|100%| S|CS|TAMS 0x0000000088f00000| PB 0x0000000088f00000| Complete |  0
|  80|0x0000000089000000, 0x0000000089100000, 0x0000000089100000|100%| S|CS|TAMS 0x0000000089000000| PB 0x0000000089000000| Complete |  0
|  81|0x0000000089100000, 0x0000000089200000, 0x0000000089200000|100%| S|CS|TAMS 0x0000000089100000| PB 0x0000000089100000| Complete |  0
|  82|0x0000000089200000, 0x0000000089300000, 0x0000000089300000|100%| S|CS|TAMS 0x0000000089200000| PB 0x0000000089200000| Complete |  0
|  83|0x0000000089300000, 0x0000000089300000, 0x0000000089400000|  0%| F|  |TAMS 0x0000000089300000| PB 0x0000000089300000| Untracked |  0
|  84|0x0000000089400000, 0x0000000089400000, 0x0000000089500000|  0%| F|  |TAMS 0x0000000089400000| PB 0x0000000089400000| Untracked |  0
|  85|0x0000000089500000, 0x0000000089500000, 0x0000000089600000|  0%| F|  |TAMS 0x0000000089500000| PB 0x0000000089500000| Untracked |  0
|  86|0x0000000089600000, 0x0000000089600000, 0x0000000089700000|  0%| F|  |TAMS 0x0000000089600000| PB 0x0000000089600000| Untracked |  0
|  87|0x0000000089700000, 0x0000000089700000, 0x0000000089800000|  0%| F|  |TAMS 0x0000000089700000| PB 0x0000000089700000| Untracked |  0
|  88|0x0000000089800000, 0x0000000089800000, 0x0000000089900000|  0%| F|  |TAMS 0x0000000089800000| PB 0x0000000089800000| Untracked |  0
|  89|0x0000000089900000, 0x0000000089900000, 0x0000000089a00000|  0%| F|  |TAMS 0x0000000089900000| PB 0x0000000089900000| Untracked |  0
|  90|0x0000000089a00000, 0x0000000089a00000, 0x0000000089b00000|  0%| F|  |TAMS 0x0000000089a00000| PB 0x0000000089a00000| Untracked |  0
|  91|0x0000000089b00000, 0x0000000089b00000, 0x0000000089c00000|  0%| F|  |TAMS 0x0000000089b00000| PB 0x0000000089b00000| Untracked |  0
|  92|0x0000000089c00000, 0x0000000089c00000, 0x0000000089d00000|  0%| F|  |TAMS 0x0000000089c00000| PB 0x0000000089c00000| Untracked |  0
|  93|0x0000000089d00000, 0x0000000089d00000, 0x0000000089e00000|  0%| F|  |TAMS 0x0000000089d00000| PB 0x0000000089d00000| Untracked |  0
|  94|0x0000000089e00000, 0x0000000089e00000, 0x0000000089f00000|  0%| F|  |TAMS 0x0000000089e00000| PB 0x0000000089e00000| Untracked |  0
|  95|0x0000000089f00000, 0x0000000089f00000, 0x000000008a000000|  0%| F|  |TAMS 0x0000000089f00000| PB 0x0000000089f00000| Untracked |  0
|  96|0x000000008a000000, 0x000000008a000000, 0x000000008a100000|  0%| F|  |TAMS 0x000000008a000000| PB 0x000000008a000000| Untracked |  0
|  97|0x000000008a100000, 0x000000008a100000, 0x000000008a200000|  0%| F|  |TAMS 0x000000008a100000| PB 0x000000008a100000| Untracked |  0
|  98|0x000000008a200000, 0x000000008a200000, 0x000000008a300000|  0%| F|  |TAMS 0x000000008a200000| PB 0x000000008a200000| Untracked |  0
|  99|0x000000008a300000, 0x000000008a300000, 0x000000008a400000|  0%| F|  |TAMS 0x000000008a300000| PB 0x000000008a300000| Untracked |  0
| 100|0x000000008a400000, 0x000000008a400000, 0x000000008a500000|  0%| F|  |TAMS 0x000000008a400000| PB 0x000000008a400000| Untracked |  0
| 101|0x000000008a500000, 0x000000008a500000, 0x000000008a600000|  0%| F|  |TAMS 0x000000008a500000| PB 0x000000008a500000| Untracked |  0
| 102|0x000000008a600000, 0x000000008a600000, 0x000000008a700000|  0%| F|  |TAMS 0x000000008a600000| PB 0x000000008a600000| Untracked |  0
| 103|0x000000008a700000, 0x000000008a700000, 0x000000008a800000|  0%| F|  |TAMS 0x000000008a700000| PB 0x000000008a700000| Untracked |  0
| 104|0x000000008a800000, 0x000000008a800000, 0x000000008a900000|  0%| F|  |TAMS 0x000000008a800000| PB 0x000000008a800000| Untracked |  0
| 105|0x000000008a900000, 0x000000008a900000, 0x000000008aa00000|  0%| F|  |TAMS 0x000000008a900000| PB 0x000000008a900000| Untracked |  0
| 106|0x000000008aa00000, 0x000000008aa00000, 0x000000008ab00000|  0%| F|  |TAMS 0x000000008aa00000| PB 0x000000008aa00000| Untracked |  0
| 107|0x000000008ab00000, 0x000000008ab00000, 0x000000008ac00000|  0%| F|  |TAMS 0x000000008ab00000| PB 0x000000008ab00000| Untracked |  0
| 108|0x000000008ac00000, 0x000000008ac00000, 0x000000008ad00000|  0%| F|  |TAMS 0x000000008ac00000| PB 0x000000008ac00000| Untracked |  0
| 109|0x000000008ad00000, 0x000000008ad00000, 0x000000008ae00000|  0%| F|  |TAMS 0x000000008ad00000| PB 0x000000008ad00000| Untracked |  0
| 110|0x000000008ae00000, 0x000000008ae00000, 0x000000008af00000|  0%| F|  |TAMS 0x000000008ae00000| PB 0x000000008ae00000| Untracked |  0
| 111|0x000000008af00000, 0x000000008af00000, 0x000000008b000000|  0%| F|  |TAMS 0x000000008af00000| PB 0x000000008af00000| Untracked |  0
| 112|0x000000008b000000, 0x000000008b000000, 0x000000008b100000|  0%| F|  |TAMS 0x000000008b000000| PB 0x000000008b000000| Untracked |  0
| 113|0x000000008b100000, 0x000000008b100000, 0x000000008b200000|  0%| F|  |TAMS 0x000000008b100000| PB 0x000000008b100000| Untracked |  0
| 114|0x000000008b200000, 0x000000008b200000, 0x000000008b300000|  0%| F|  |TAMS 0x000000008b200000| PB 0x000000008b200000| Untracked |  0
| 115|0x000000008b300000, 0x000000008b300000, 0x000000008b400000|  0%| F|  |TAMS 0x000000008b300000| PB 0x000000008b300000| Untracked |  0
| 116|0x000000008b400000, 0x000000008b400000, 0x000000008b500000|  0%| F|  |TAMS 0x000000008b400000| PB 0x000000008b400000| Untracked |  0
| 117|0x000000008b500000, 0x000000008b500000, 0x000000008b600000|  0%| F|  |TAMS 0x000000008b500000| PB 0x000000008b500000| Untracked |  0
| 118|0x000000008b600000, 0x000000008b600000, 0x000000008b700000|  0%| F|  |TAMS 0x000000008b600000| PB 0x000000008b600000| Untracked |  0
| 119|0x000000008b700000, 0x000000008b780000, 0x000000008b800000| 50%| E|  |TAMS 0x000000008b700000| PB 0x000000008b700000| Complete |  0
| 120|0x000000008b800000, 0x000000008b900000, 0x000000008b900000|100%| E|CS|TAMS 0x000000008b800000| PB 0x000000008b800000| Complete |  0
| 121|0x000000008b900000, 0x000000008ba00000, 0x000000008ba00000|100%| E|CS|TAMS 0x000000008b900000| PB 0x000000008b900000| Complete |  0
| 122|0x000000008ba00000, 0x000000008bb00000, 0x000000008bb00000|100%| E|CS|TAMS 0x000000008ba00000| PB 0x000000008ba00000| Complete |  0
| 123|0x000000008bb00000, 0x000000008bc00000, 0x000000008bc00000|100%| E|CS|TAMS 0x000000008bb00000| PB 0x000000008bb00000| Complete |  0

Card table byte_map: [0x00000235fd440000,0x00000235fd820000] _byte_map_base: 0x00000235fd020000

Marking Bits: (CMBitMap*) 0x00000235f4548960
 Bits: [0x00000235fd820000, 0x00000235ff720000)

Polling page: 0x00000235f2210000

Metaspace:

Usage:
  Non-class:     15.30 MB used.
      Class:      2.03 MB used.
       Both:     17.33 MB used.

Virtual space:
  Non-class space:       64.00 MB reserved,      15.62 MB ( 24%) committed,  1 nodes.
      Class space:        1.00 GB reserved,       2.25 MB ( <1%) committed,  1 nodes.
             Both:        1.06 GB reserved,      17.88 MB (  2%) committed. 

Chunk freelists:
   Non-Class:  96.00 KB
       Class:  13.72 MB
        Both:  13.81 MB

MaxMetaspaceSize: unlimited
CompressedClassSpaceSize: 1.00 GB
Initial GC threshold: 21.00 MB
Current GC threshold: 21.00 MB
CDS: on
 - commit_granule_bytes: 65536.
 - commit_granule_words: 8192.
 - virtual_space_node_default_size: 8388608.
 - enlarge_chunks_in_place: 1.
 - use_allocation_guard: 0.


Internal statistics:

num_allocs_failed_limit: 0.
num_arena_births: 486.
num_arena_deaths: 0.
num_vsnodes_births: 2.
num_vsnodes_deaths: 0.
num_space_committed: 286.
num_space_uncommitted: 0.
num_chunks_returned_to_freelist: 0.
num_chunks_taken_from_freelist: 934.
num_chunk_merges: 0.
num_chunk_splits: 608.
num_chunks_enlarged: 392.
num_inconsistent_stats: 0.

CodeHeap 'non-profiled nmethods': size=120064Kb used=998Kb max_used=998Kb free=119065Kb
 bounds [0x0000023587ac0000, 0x0000023587d30000, 0x000002358f000000]
CodeHeap 'profiled nmethods': size=120000Kb used=4610Kb max_used=4610Kb free=115389Kb
 bounds [0x0000023580000000, 0x0000023580490000, 0x0000023587530000]
CodeHeap 'non-nmethods': size=5696Kb used=2828Kb max_used=2859Kb free=2867Kb
 bounds [0x0000023587530000, 0x0000023587810000, 0x0000023587ac0000]
CodeCache: size=245760Kb, used=8436Kb, max_used=8467Kb, free=237321Kb
 total_blobs=3974, nmethods=3165, adapters=713, full_count=0
Compilation: enabled, stopped_count=0, restarted_count=0

Compilation events (20 events):
Event: 2.033 Thread 0x00000235912c3970 3132       4       jdk.internal.ref.CleanerFactory::cleaner (4 bytes)
Event: 2.033 Thread 0x00000235912c4920 nmethod 3130 0x0000023580469388 code [0x00000235804694e0, 0x0000023580469880]
Event: 2.033 Thread 0x00000235912c4920 3131       3       java.lang.invoke.InfoFromMemberName::getMethodType (8 bytes)
Event: 2.033 Thread 0x00000235912c4920 nmethod 3131 0x0000023580469908 code [0x0000023580469a20, 0x0000023580469b60]
Event: 2.033 Thread 0x00000235912c3970 nmethod 3132 0x0000023587bb9208 code [0x0000023587bb9300, 0x0000023587bb9370]
Event: 2.033 Thread 0x00000235912c4920 3134       3       java.lang.invoke.InnerClassLambdaMetafactory::<init> (277 bytes)
Event: 2.034 Thread 0x00000235912c4920 nmethod 3134 0x0000023580469c08 code [0x0000023580469fc0, 0x000002358046be50]
Event: 2.034 Thread 0x00000235912c4920 3135       3       java.lang.invoke.AbstractValidatingLambdaMetafactory::validateMetafactoryArgs (607 bytes)
Event: 2.035 Thread 0x00000235912c3970 3136       4       java.util.regex.Pattern::compile (537 bytes)
Event: 2.038 Thread 0x00000235912c4920 nmethod 3135 0x000002358046bf88 code [0x000002358046c980, 0x0000023580473ed8]
Event: 2.039 Thread 0x00000235912c4920 3133       3       java.lang.invoke.MethodHandles$Lookup::getDirectMethodNoSecurityManager (18 bytes)
Event: 2.039 Thread 0x00000235912c4920 nmethod 3133 0x0000023580474008 code [0x0000023580474120, 0x0000023580474270]
Event: 2.042 Thread 0x00000235912c4920 3137       3       java.lang.invoke.Invokers$Holder::invokeExact_MT (32 bytes)
Event: 2.042 Thread 0x00000235912c4920 nmethod 3137 0x0000023580474308 code [0x0000023580474480, 0x0000023580474d38]
Event: 2.042 Thread 0x00000235912c4920 3138       3       java.lang.invoke.LambdaMetafactory::metafactory (71 bytes)
Event: 2.043 Thread 0x00000235912c4920 nmethod 3138 0x0000023580474d88 code [0x0000023580474f80, 0x0000023580475a60]
Event: 2.048 Thread 0x00000235912c4920 3139       3       java.util.HashMap::put (13 bytes)
Event: 2.048 Thread 0x00000235912c4920 nmethod 3139 0x0000023580475a88 code [0x0000023580475bc0, 0x0000023580475ec0]
Event: 2.049 Thread 0x00000235912c4920 3140       3       java.util.Objects::checkFromToIndex (8 bytes)
Event: 2.049 Thread 0x00000235912c4920 nmethod 3140 0x0000023580475f08 code [0x0000023580476040, 0x0000023580476258]

GC Heap History (6 events):
Event: 0.825 GC heap before
{Heap before GC invocations=0 (full 0):
 garbage-first heap   total reserved 2031616K, committed 126976K, used 26624K [0x0000000084000000, 0x0000000100000000)
  region size 1024K, 24 young (24576K), 0 survivors (0K)
 Metaspace       used 8140K, committed 8384K, reserved 1114112K
  class space    used 787K, committed 896K, reserved 1048576K
}
Event: 0.836 GC heap after
{Heap after GC invocations=1 (full 0):
 garbage-first heap   total reserved 2031616K, committed 126976K, used 5568K [0x0000000084000000, 0x0000000100000000)
  region size 1024K, 3 young (3072K), 3 survivors (3072K)
 Metaspace       used 8140K, committed 8384K, reserved 1114112K
  class space    used 787K, committed 896K, reserved 1048576K
}
Event: 1.188 GC heap before
{Heap before GC invocations=1 (full 0):
 garbage-first heap   total reserved 2031616K, committed 126976K, used 26048K [0x0000000084000000, 0x0000000100000000)
  region size 1024K, 24 young (24576K), 3 survivors (3072K)
 Metaspace       used 11306K, committed 11648K, reserved 1114112K
  class space    used 1206K, committed 1344K, reserved 1048576K
}
Event: 1.205 GC heap after
{Heap after GC invocations=2 (full 0):
 garbage-first heap   total reserved 2031616K, committed 126976K, used 10997K [0x0000000084000000, 0x0000000100000000)
  region size 1024K, 3 young (3072K), 3 survivors (3072K)
 Metaspace       used 11306K, committed 11648K, reserved 1114112K
  class space    used 1206K, committed 1344K, reserved 1048576K
}
Event: 1.647 GC heap before
{Heap before GC invocations=2 (full 0):
 garbage-first heap   total reserved 2031616K, committed 126976K, used 49909K [0x0000000084000000, 0x0000000100000000)
  region size 1024K, 41 young (41984K), 3 survivors (3072K)
 Metaspace       used 15127K, committed 15616K, reserved 1114112K
  class space    used 1696K, committed 1920K, reserved 1048576K
}
Event: 1.659 GC heap after
{Heap after GC invocations=3 (full 0):
 garbage-first heap   total reserved 2031616K, committed 126976K, used 16214K [0x0000000084000000, 0x0000000100000000)
  region size 1024K, 6 young (6144K), 6 survivors (6144K)
 Metaspace       used 15127K, committed 15616K, reserved 1114112K
  class space    used 1696K, committed 1920K, reserved 1048576K
}

Dll operation events (12 events):
Event: 0.023 Loaded shared library C:\Users\NIRAV DAVE\.jdks\openjdk-23.0.1-2\bin\java.dll
Event: 0.072 Loaded shared library C:\Users\NIRAV DAVE\.jdks\openjdk-23.0.1-2\bin\jsvml.dll
Event: 0.145 Loaded shared library C:\Users\NIRAV DAVE\.jdks\openjdk-23.0.1-2\bin\zip.dll
Event: 0.149 Loaded shared library C:\Users\NIRAV DAVE\.jdks\openjdk-23.0.1-2\bin\instrument.dll
Event: 0.155 Loaded shared library C:\Users\NIRAV DAVE\.jdks\openjdk-23.0.1-2\bin\net.dll
Event: 0.156 Loaded shared library C:\Users\NIRAV DAVE\.jdks\openjdk-23.0.1-2\bin\nio.dll
Event: 0.159 Loaded shared library C:\Users\NIRAV DAVE\.jdks\openjdk-23.0.1-2\bin\zip.dll
Event: 0.192 Loaded shared library C:\Users\NIRAV DAVE\AppData\Local\JetBrains\IntelliJ IDEA Community Edition 2024.2.3\bin\breakgen64.dll
Event: 0.202 Loaded shared library C:\Users\NIRAV DAVE\.jdks\openjdk-23.0.1-2\bin\extnet.dll
Event: 0.205 Loaded shared library C:\Users\NIRAV DAVE\.jdks\openjdk-23.0.1-2\bin\verify.dll
Event: 0.262 Loaded shared library C:\Users\NIRAV DAVE\.jdks\openjdk-23.0.1-2\bin\jimage.dll
Event: 2.027 Loaded shared library C:\Users\NIRAV DAVE\.jdks\openjdk-23.0.1-2\bin\sunmscapi.dll

Deoptimization events (20 events):
Event: 1.607 Thread 0x00000235f2265950 Uncommon trap: trap_request=0xffffffc6 fr.pc=0x0000023587ba3080 relative=0x0000000000000420
Event: 1.607 Thread 0x00000235f2265950 Uncommon trap: reason=bimorphic_or_optimized_type_check action=maybe_recompile pc=0x0000023587ba3080 method=java.util.Collections$UnmodifiableCollection$1.next()Ljava/lang/Object; @ 4 c2
Event: 1.607 Thread 0x00000235f2265950 DEOPT PACKING pc=0x0000023587ba3080 sp=0x0000004c026fa670
Event: 1.607 Thread 0x00000235f2265950 DEOPT UNPACKING pc=0x0000023587587982 sp=0x0000004c026fa640 mode 2
Event: 1.682 Thread 0x00000235f2265950 Uncommon trap: trap_request=0xffffffcc fr.pc=0x0000023587bb3d08 relative=0x0000000000000348
Event: 1.682 Thread 0x00000235f2265950 Uncommon trap: reason=intrinsic_or_type_checked_inlining action=make_not_entrant pc=0x0000023587bb3d08 method=java.util.Arrays.copyOf([Ljava/lang/Object;ILjava/lang/Class;)[Ljava/lang/Object; @ 35 c2
Event: 1.682 Thread 0x00000235f2265950 DEOPT PACKING pc=0x0000023587bb3d08 sp=0x0000004c026f9aa0
Event: 1.682 Thread 0x00000235f2265950 DEOPT UNPACKING pc=0x0000023587587982 sp=0x0000004c026f9a30 mode 2
Event: 2.030 Thread 0x00000235f2265950 Uncommon trap: trap_request=0xffffff45 fr.pc=0x0000023587ba86c0 relative=0x0000000000000b60
Event: 2.030 Thread 0x00000235f2265950 Uncommon trap: reason=unstable_if action=reinterpret pc=0x0000023587ba86c0 method=java.util.HashMap.computeIfAbsent(Ljava/lang/Object;Ljava/util/function/Function;)Ljava/lang/Object; @ 294 c2
Event: 2.030 Thread 0x00000235f2265950 DEOPT PACKING pc=0x0000023587ba86c0 sp=0x0000004c026f7e70
Event: 2.030 Thread 0x00000235f2265950 DEOPT UNPACKING pc=0x0000023587587982 sp=0x0000004c026f7e38 mode 2
Event: 2.037 Thread 0x00000235f2265950 Uncommon trap: trap_request=0xffffff45 fr.pc=0x0000023587ba6638 relative=0x0000000000000218
Event: 2.037 Thread 0x00000235f2265950 Uncommon trap: reason=unstable_if action=reinterpret pc=0x0000023587ba6638 method=java.util.HashMap.putVal(ILjava/lang/Object;Ljava/lang/Object;ZZ)Ljava/lang/Object; @ 162 c2
Event: 2.037 Thread 0x00000235f2265950 DEOPT PACKING pc=0x0000023587ba6638 sp=0x0000004c026f84c0
Event: 2.037 Thread 0x00000235f2265950 DEOPT UNPACKING pc=0x0000023587587982 sp=0x0000004c026f83e8 mode 2
Event: 2.050 Thread 0x00000235f2265950 Uncommon trap: trap_request=0xffffff3d fr.pc=0x0000023587bb65a8 relative=0x0000000000000268
Event: 2.050 Thread 0x00000235f2265950 Uncommon trap: reason=unstable_fused_if action=reinterpret pc=0x0000023587bb65a8 method=java.lang.CharacterDataLatin1.equalsIgnoreCase(BB)Z @ 16 c2
Event: 2.050 Thread 0x00000235f2265950 DEOPT PACKING pc=0x0000023587bb65a8 sp=0x0000004c026f9160
Event: 2.050 Thread 0x00000235f2265950 DEOPT UNPACKING pc=0x0000023587587982 sp=0x0000004c026f8fb8 mode 2

Classes loaded (20 events):
Event: 2.048 Loading class sun/security/util/math/intpoly/IntegerPolynomial448 done
Event: 2.048 Loading class sun/security/util/math/intpoly/Curve448OrderField
Event: 2.049 Loading class sun/security/util/math/intpoly/Curve448OrderField done
Event: 2.049 Loading class sun/security/ec/ed/Ed448Operations
Event: 2.049 Loading class sun/security/ec/ed/Ed448Operations done
Event: 2.049 Loading class sun/security/ec/point/ProjectivePoint$Immutable
Event: 2.049 Loading class sun/security/ec/point/ProjectivePoint
Event: 2.050 Loading class sun/security/ec/point/ProjectivePoint done
Event: 2.050 Loading class sun/security/ec/point/ProjectivePoint$Immutable done
Event: 2.050 Loading class sun/security/ec/ed/EdDSAParameters$SHAKE256DigesterFactory
Event: 2.050 Loading class sun/security/ec/ed/EdDSAParameters$SHAKE256DigesterFactory done
Event: 2.050 Loading class sun/security/ec/ParametersMap$1
Event: 2.050 Loading class sun/security/ec/ParametersMap$1 done
Event: 2.050 Loading class sun/security/ec/ed/EdDSASignature$Ed448
Event: 2.050 Loading class sun/security/ec/ed/EdDSASignature$Ed448 done
Event: 2.050 Loading class sun/security/ssl/SignatureScheme$SigAlgParamSpec
Event: 2.050 Loading class sun/security/ssl/SignatureScheme$SigAlgParamSpec done
Event: 2.050 Loading class java/security/spec/MGF1ParameterSpec
Event: 2.050 Loading class java/security/spec/MGF1ParameterSpec done
Event: 2.051 Loading class sun/security/rsa/RSAPSSSignature

Classes unloaded (0 events):
No events

Classes redefined (0 events):
No events

Internal exceptions (20 events):
Event: 1.637 Thread 0x00000235f2265950 Exception <a 'java/lang/ClassNotFoundException'{0x00000000893114d8}: io/restassured/internal/RestAssuredResponseOptionsImplBeanInfo> (0x00000000893114d8) 
thrown [s\open\src\hotspot\share\classfile\systemDictionary.cpp, line 313]
Event: 1.637 Thread 0x00000235f2265950 Exception <a 'java/lang/ClassNotFoundException'{0x00000000893148b0}: io/restassured/internal/RestAssuredResponseOptionsImplCustomizer> (0x00000000893148b0) 
thrown [s\open\src\hotspot\share\classfile\systemDictionary.cpp, line 313]
Event: 1.638 Thread 0x00000235f2265950 Exception <a 'java/lang/ClassNotFoundException'{0x0000000089351070}: io/restassured/internal/RestAssuredResponseImplCustomizer> (0x0000000089351070) 
thrown [s\open\src\hotspot\share\classfile\systemDictionary.cpp, line 313]
Event: 1.642 Thread 0x00000235f2265950 Exception <a 'java/lang/ClassNotFoundException'{0x000000008937fc50}: io/restassured/internal/RestAssuredResponseOptionsGroovyImplBeanInfo> (0x000000008937fc50) 
thrown [s\open\src\hotspot\share\classfile\systemDictionary.cpp, line 313]
Event: 1.642 Thread 0x00000235f2265950 Exception <a 'java/lang/ClassNotFoundException'{0x00000000893830d0}: io/restassured/internal/RestAssuredResponseOptionsGroovyImplCustomizer> (0x00000000893830d0) 
thrown [s\open\src\hotspot\share\classfile\systemDictionary.cpp, line 313]
Event: 1.660 Thread 0x00000235f2265950 Exception <a 'java/lang/ClassNotFoundException'{0x000000008bb03f88}: groovy/lang/GroovyObjectBeanInfo> (0x000000008bb03f88) 
thrown [s\open\src\hotspot\share\classfile\systemDictionary.cpp, line 313]
Event: 1.660 Thread 0x00000235f2265950 Exception <a 'java/lang/ClassNotFoundException'{0x000000008bb06fe0}: groovy/lang/GroovyObjectCustomizer> (0x000000008bb06fe0) 
thrown [s\open\src\hotspot\share\classfile\systemDictionary.cpp, line 313]
Event: 1.661 Thread 0x00000235f2265950 Exception <a 'java/lang/NoSuchMethodError'{0x000000008bb0cb80}: 'int java.lang.invoke.DirectMethodHandle$Holder.invokeVirtual(java.lang.Object, java.lang.Object, java.lang.Object, java.lang.Object)'> (0x000000008bb0cb80) 
thrown [s\open\src\hotspot\share\interpreter\linkResolver.cpp, line 796]
Event: 1.662 Thread 0x00000235f2265950 Exception <a 'java/lang/NoSuchMethodError'{0x000000008bb14080}: 'int java.lang.invoke.DelegatingMethodHandle$Holder.reinvoke_L(java.lang.Object, java.lang.Object, java.lang.Object, java.lang.Object)'> (0x000000008bb14080) 
thrown [s\open\src\hotspot\share\interpreter\linkResolver.cpp, line 796]
Event: 1.665 Thread 0x00000235f2265950 Exception <a 'java/lang/ClassNotFoundException'{0x000000008bb4c200}: io/restassured/config/SSLConfigBeanInfo> (0x000000008bb4c200) 
thrown [s\open\src\hotspot\share\classfile\systemDictionary.cpp, line 313]
Event: 1.665 Thread 0x00000235f2265950 Exception <a 'java/lang/ClassNotFoundException'{0x000000008bb4fb68}: io/restassured/config/SSLConfigCustomizer> (0x000000008bb4fb68) 
thrown [s\open\src\hotspot\share\classfile\systemDictionary.cpp, line 313]
Event: 1.667 Thread 0x00000235f2265950 Exception <a 'java/lang/NoSuchMethodError'{0x000000008bb9c7d8}: 'java.lang.Object java.lang.invoke.DirectMethodHandle$Holder.invokeVirtual(java.lang.Object, java.lang.Object, java.lang.Object, java.lang.Object, java.lang.Object, java.lang.Object, java.lang.Object)'> (0x000000008bb9c7d8) 
thrown [s\open\src\hotspot\share\interpreter\linkResolver.cpp, line 796]
Event: 1.674 Thread 0x00000235f2265950 Exception <a 'java/lang/ClassNotFoundException'{0x000000008bbe9528}: io/restassured/internal/http/HTTPBuilder$RequestConfigDelegateBeanInfo> (0x000000008bbe9528) 
thrown [s\open\src\hotspot\share\classfile\systemDictionary.cpp, line 313]
Event: 1.674 Thread 0x00000235f2265950 Exception <a 'java/lang/ClassNotFoundException'{0x000000008bbed218}: io/restassured/internal/http/HTTPBuilder$RequestConfigDelegateCustomizer> (0x000000008bbed218) 
thrown [s\open\src\hotspot\share\classfile\systemDictionary.cpp, line 313]
Event: 1.678 Thread 0x00000235f2265950 Exception <a 'java/lang/NoSuchMethodError'{0x000000008ba38458}: 'void java.lang.invoke.DelegatingMethodHandle$Holder.reinvoke_L(java.lang.Object, java.lang.Object, int)'> (0x000000008ba38458) 
thrown [s\open\src\hotspot\share\interpreter\linkResolver.cpp, line 796]
Event: 1.678 Thread 0x00000235f2265950 Exception <a 'java/lang/NoSuchMethodError'{0x000000008ba3f4e8}: 'int java.lang.invoke.Invokers$Holder.invokeExact_MT(java.lang.Object, java.lang.Object, java.lang.Object)'> (0x000000008ba3f4e8) 
thrown [s\open\src\hotspot\share\interpreter\linkResolver.cpp, line 796]
Event: 1.679 Thread 0x00000235f2265950 Exception <a 'java/lang/NoSuchMethodError'{0x000000008ba565b8}: 'java.lang.Object java.lang.invoke.DirectMethodHandle$Holder.invokeSpecial(java.lang.Object, java.lang.Object, int, java.lang.Object, java.lang.Object)'> (0x000000008ba565b8) 
thrown [s\open\src\hotspot\share\interpreter\linkResolver.cpp, line 796]
Event: 1.680 Thread 0x00000235f2265950 Exception <a 'java/lang/NoSuchMethodError'{0x000000008ba5d550}: 'java.lang.reflect.Method[] java.lang.Class.getDeclaredMethods(java.lang.Class)'> (0x000000008ba5d550) 
thrown [s\open\src\hotspot\share\interpreter\linkResolver.cpp, line 796]
Event: 1.708 Thread 0x00000235f2265950 Exception <a 'java/lang/ClassNotFoundException'{0x000000008b9aebd8}: sun/net/spi/DefaultProxySelectorBeanInfo> (0x000000008b9aebd8) 
thrown [s\open\src\hotspot\share\classfile\systemDictionary.cpp, line 313]
Event: 1.708 Thread 0x00000235f2265950 Exception <a 'java/lang/ClassNotFoundException'{0x000000008b9b0900}: sun/net/spi/DefaultProxySelectorCustomizer> (0x000000008b9b0900) 
thrown [s\open\src\hotspot\share\classfile\systemDictionary.cpp, line 313]

VM Operations (20 events):
Event: 1.156 Executing VM operation: HandshakeAllThreads (Deoptimize)
Event: 1.156 Executing VM operation: HandshakeAllThreads (Deoptimize) done
Event: 1.186 Executing VM operation: HandshakeAllThreads (Deoptimize)
Event: 1.186 Executing VM operation: HandshakeAllThreads (Deoptimize) done
Event: 1.188 Executing VM operation: G1CollectForAllocation (G1 Evacuation Pause)
Event: 1.205 Executing VM operation: G1CollectForAllocation (G1 Evacuation Pause) done
Event: 1.380 Executing VM operation: HandshakeAllThreads (Deoptimize)
Event: 1.380 Executing VM operation: HandshakeAllThreads (Deoptimize) done
Event: 1.396 Executing VM operation: HandshakeAllThreads (Deoptimize)
Event: 1.396 Executing VM operation: HandshakeAllThreads (Deoptimize) done
Event: 1.397 Executing VM operation: HandshakeAllThreads (Deoptimize)
Event: 1.397 Executing VM operation: HandshakeAllThreads (Deoptimize) done
Event: 1.418 Executing VM operation: HandshakeAllThreads (Deoptimize)
Event: 1.418 Executing VM operation: HandshakeAllThreads (Deoptimize) done
Event: 1.431 Executing VM operation: HandshakeAllThreads (Deoptimize)
Event: 1.431 Executing VM operation: HandshakeAllThreads (Deoptimize) done
Event: 1.444 Executing VM operation: HandshakeAllThreads (Deoptimize)
Event: 1.444 Executing VM operation: HandshakeAllThreads (Deoptimize) done
Event: 1.647 Executing VM operation: G1CollectForAllocation (G1 Evacuation Pause)
Event: 1.659 Executing VM operation: G1CollectForAllocation (G1 Evacuation Pause) done

Memory protections (0 events):
No events

Nmethod flushes (0 events):
No events

Events (16 events):
Event: 0.052 Thread 0x00000235f2265950 Thread added: 0x00000235f2265950
Event: 0.069 Thread 0x00000235f2265950 Thread added: 0x00000235912b2110
Event: 0.069 Thread 0x00000235f2265950 Thread added: 0x00000235912b2fc0
Event: 0.069 Thread 0x00000235f2265950 Thread added: 0x00000235912b5100
Event: 0.069 Thread 0x00000235f2265950 Thread added: 0x00000235912b6dc0
Event: 0.069 Thread 0x00000235f2265950 Thread added: 0x00000235912bd950
Event: 0.069 Thread 0x00000235f2265950 Thread added: 0x00000235912be5e0
Event: 0.069 Thread 0x00000235f2265950 Thread added: 0x00000235912c3970
Event: 0.070 Thread 0x00000235f2265950 Thread added: 0x00000235912c4920
Event: 0.115 Thread 0x00000235f2265950 Thread added: 0x000002359140cd40
Event: 0.140 Thread 0x00000235912c4920 Thread added: 0x0000023591485a40
Event: 0.193 Thread 0x00000235f2265950 Thread added: 0x00000235916ac760
Event: 0.193 Thread 0x00000235f2265950 Thread added: 0x00000235916acdd0
Event: 1.143 Thread 0x00000235f2265950 Thread added: 0x00000235d747f910
Event: 1.144 Thread 0x00000235f2265950 Thread added: 0x00000235d7239810
Event: 2.025 Thread 0x0000023591485a40 Thread exited: 0x0000023591485a40


Dynamic libraries:
0x00007ff78df10000 - 0x00007ff78df1e000 	C:\Users\NIRAV DAVE\.jdks\openjdk-23.0.1-2\bin\java.exe
0x00007fff58410000 - 0x00007fff58627000 	C:\WINDOWS\SYSTEM32\ntdll.dll
0x00007fff571f0000 - 0x00007fff572b4000 	C:\WINDOWS\System32\KERNEL32.DLL
0x00007fff55c10000 - 0x00007fff55fc9000 	C:\WINDOWS\System32\KERNELBASE.dll
0x00007fff55a40000 - 0x00007fff55b51000 	C:\WINDOWS\System32\ucrtbase.dll
0x00007fff15ae0000 - 0x00007fff15af7000 	C:\Users\NIRAV DAVE\.jdks\openjdk-23.0.1-2\bin\jli.dll
0x00007fff16d40000 - 0x00007fff16d5b000 	C:\Users\NIRAV DAVE\.jdks\openjdk-23.0.1-2\bin\VCRUNTIME140.dll
0x00007fff57450000 - 0x00007fff575fe000 	C:\WINDOWS\System32\USER32.dll
0x00007fff55710000 - 0x00007fff55736000 	C:\WINDOWS\System32\win32u.dll
0x00007fff57710000 - 0x00007fff57739000 	C:\WINDOWS\System32\GDI32.dll
0x00007fff55920000 - 0x00007fff55a3b000 	C:\WINDOWS\System32\gdi32full.dll
0x00007fff56090000 - 0x00007fff5612a000 	C:\WINDOWS\System32\msvcp_win.dll
0x00007fff32490000 - 0x00007fff32722000 	C:\WINDOWS\WinSxS\amd64_microsoft.windows.common-controls_6595b64144ccf1df_6.0.22621.4391_none_2715d37f73803e96\COMCTL32.dll
0x00007fff57750000 - 0x00007fff577f7000 	C:\WINDOWS\System32\msvcrt.dll
0x00007fff569d0000 - 0x00007fff56a01000 	C:\WINDOWS\System32\IMM32.DLL
0x00007fff1d150000 - 0x00007fff1d15c000 	C:\Users\NIRAV DAVE\.jdks\openjdk-23.0.1-2\bin\vcruntime140_1.dll
0x00007fff13cd0000 - 0x00007fff13d5e000 	C:\Users\NIRAV DAVE\.jdks\openjdk-23.0.1-2\bin\msvcp140.dll
0x00007fff02be0000 - 0x00007fff0392f000 	C:\Users\NIRAV DAVE\.jdks\openjdk-23.0.1-2\bin\server\jvm.dll
0x00007fff580f0000 - 0x00007fff581a2000 	C:\WINDOWS\System32\ADVAPI32.dll
0x00007fff57040000 - 0x00007fff570e7000 	C:\WINDOWS\System32\sechost.dll
0x00007fff55b60000 - 0x00007fff55b88000 	C:\WINDOWS\System32\bcrypt.dll
0x00007fff568b0000 - 0x00007fff569c4000 	C:\WINDOWS\System32\RPCRT4.dll
0x00007fff562f0000 - 0x00007fff56361000 	C:\WINDOWS\System32\WS2_32.dll
0x00007fff555e0000 - 0x00007fff5562d000 	C:\WINDOWS\SYSTEM32\POWRPROF.dll
0x00007fff4d180000 - 0x00007fff4d1b4000 	C:\WINDOWS\SYSTEM32\WINMM.dll
0x00007fff4ac80000 - 0x00007fff4ac8a000 	C:\WINDOWS\SYSTEM32\VERSION.dll
0x00007fff55510000 - 0x00007fff55523000 	C:\WINDOWS\SYSTEM32\UMPDC.dll
0x00007fff54720000 - 0x00007fff54738000 	C:\WINDOWS\SYSTEM32\kernel.appcore.dll
0x00007fff1d040000 - 0x00007fff1d04a000 	C:\Users\NIRAV DAVE\.jdks\openjdk-23.0.1-2\bin\jimage.dll
0x00007fff53180000 - 0x00007fff533b2000 	C:\WINDOWS\SYSTEM32\DBGHELP.DLL
0x00007fff56520000 - 0x00007fff568af000 	C:\WINDOWS\System32\combase.dll
0x00007fff57110000 - 0x00007fff571e7000 	C:\WINDOWS\System32\OLEAUT32.dll
0x00007fff32250000 - 0x00007fff32282000 	C:\WINDOWS\SYSTEM32\dbgcore.DLL
0x00007fff55b90000 - 0x00007fff55c0b000 	C:\WINDOWS\System32\bcryptPrimitives.dll
0x00007fff4c720000 - 0x00007fff4c72f000 	C:\Users\NIRAV DAVE\.jdks\openjdk-23.0.1-2\bin\instrument.dll
0x00007fff1d760000 - 0x00007fff1d77e000 	C:\Users\NIRAV DAVE\.jdks\openjdk-23.0.1-2\bin\java.dll
0x00007fff56370000 - 0x00007fff56515000 	C:\WINDOWS\System32\ole32.dll
0x00007fff57870000 - 0x00007fff580e6000 	C:\WINDOWS\System32\SHELL32.dll
0x00007fff53600000 - 0x00007fff53f03000 	C:\WINDOWS\SYSTEM32\windows.storage.dll
0x00007fff534c0000 - 0x00007fff535ff000 	C:\WINDOWS\SYSTEM32\wintypes.dll
0x00007fff56ac0000 - 0x00007fff56bb9000 	C:\WINDOWS\System32\SHCORE.dll
0x00007fff56290000 - 0x00007fff562ee000 	C:\WINDOWS\System32\shlwapi.dll
0x00007fff55640000 - 0x00007fff5566b000 	C:\WINDOWS\SYSTEM32\profapi.dll
0x00007fff040f0000 - 0x00007fff041c7000 	C:\Users\NIRAV DAVE\.jdks\openjdk-23.0.1-2\bin\jsvml.dll
0x00007fff17290000 - 0x00007fff172a7000 	C:\Users\NIRAV DAVE\.jdks\openjdk-23.0.1-2\bin\zip.dll
0x00007fff1ce00000 - 0x00007fff1ce10000 	C:\Users\NIRAV DAVE\.jdks\openjdk-23.0.1-2\bin\net.dll
0x00007fff54bb0000 - 0x00007fff54c19000 	C:\WINDOWS\system32\mswsock.dll
0x00007fff18630000 - 0x00007fff18646000 	C:\Users\NIRAV DAVE\.jdks\openjdk-23.0.1-2\bin\nio.dll
0x00007fff36e10000 - 0x00007fff36e2a000 	C:\Users\NIRAV DAVE\AppData\Local\JetBrains\IntelliJ IDEA Community Edition 2024.2.3\bin\breakgen64.dll
0x00007fff19870000 - 0x00007fff19879000 	C:\Users\NIRAV DAVE\.jdks\openjdk-23.0.1-2\bin\extnet.dll
0x00007fff18780000 - 0x00007fff18790000 	C:\Users\NIRAV DAVE\.jdks\openjdk-23.0.1-2\bin\verify.dll
0x00007fff54e20000 - 0x00007fff54e3b000 	C:\WINDOWS\SYSTEM32\CRYPTSP.dll
0x00007fff54680000 - 0x00007fff546b5000 	C:\WINDOWS\system32\rsaenh.dll
0x00007fff54cc0000 - 0x00007fff54ce8000 	C:\WINDOWS\SYSTEM32\USERENV.dll
0x00007fff54e40000 - 0x00007fff54e4c000 	C:\WINDOWS\SYSTEM32\CRYPTBASE.dll
0x00007fff54170000 - 0x00007fff5419d000 	C:\WINDOWS\SYSTEM32\IPHLPAPI.DLL
0x00007fff57740000 - 0x00007fff57749000 	C:\WINDOWS\System32\NSI.dll
0x00007fff541a0000 - 0x00007fff542a2000 	C:\WINDOWS\SYSTEM32\DNSAPI.dll
0x00007fff4ae00000 - 0x00007fff4ae0a000 	C:\Windows\System32\rasadhlp.dll
0x00007fff4a6f0000 - 0x00007fff4a773000 	C:\WINDOWS\System32\fwpuclnt.dll
0x00007fff18620000 - 0x00007fff1862e000 	C:\Users\NIRAV DAVE\.jdks\openjdk-23.0.1-2\bin\sunmscapi.dll
0x00007fff55740000 - 0x00007fff558a6000 	C:\WINDOWS\System32\CRYPT32.dll
0x00007fff54fc0000 - 0x00007fff54fed000 	C:\WINDOWS\SYSTEM32\ncrypt.dll
0x00007fff54f80000 - 0x00007fff54fb7000 	C:\WINDOWS\SYSTEM32\NTASN1.dll

dbghelp: loaded successfully - version: 4.0.5 - missing functions: none
symbol engine: initialized successfully - sym options: 0x614 - pdb path: .;C:\Users\NIRAV DAVE\.jdks\openjdk-23.0.1-2\bin;C:\WINDOWS\SYSTEM32;C:\WINDOWS\WinSxS\amd64_microsoft.windows.common-controls_6595b64144ccf1df_6.0.22621.4391_none_2715d37f73803e96;C:\Users\NIRAV DAVE\.jdks\openjdk-23.0.1-2\bin\server;C:\Users\NIRAV DAVE\AppData\Local\JetBrains\IntelliJ IDEA Community Edition 2024.2.3\bin

VM Arguments:
jvm_args: -javaagent:C:\Users\NIRAV DAVE\AppData\Local\JetBrains\IntelliJ IDEA Community Edition 2024.2.3\lib\idea_rt.jar=50344:C:\Users\NIRAV DAVE\AppData\Local\JetBrains\IntelliJ IDEA Community Edition 2024.2.3\bin -Dfile.encoding=UTF-8 -Dsun.stdout.encoding=UTF-8 -Dsun.stderr.encoding=UTF-8 
java_command: com.neerav.Task002
java_class_path (initial): C:\Users\NIRAV DAVE\IdeaProjects\ATB9xAPIAutomation\target\test-classes;C:\Users\NIRAV DAVE\IdeaProjects\ATB9xAPIAutomation\target\classes;C:\Users\NIRAV DAVE\.m2\repository\io\rest-assured\rest-assured\5.5.0\rest-assured-5.5.0.jar;C:\Users\NIRAV DAVE\.m2\repository\org\apache\groovy\groovy\4.0.22\groovy-4.0.22.jar;C:\Users\NIRAV DAVE\.m2\repository\org\apache\groovy\groovy-xml\4.0.22\groovy-xml-4.0.22.jar;C:\Users\NIRAV DAVE\.m2\repository\org\apache\httpcomponents\httpclient\4.5.13\httpclient-4.5.13.jar;C:\Users\NIRAV DAVE\.m2\repository\org\apache\httpcomponents\httpcore\4.4.13\httpcore-4.4.13.jar;C:\Users\NIRAV DAVE\.m2\repository\commons-logging\commons-logging\1.2\commons-logging-1.2.jar;C:\Users\NIRAV DAVE\.m2\repository\commons-codec\commons-codec\1.11\commons-codec-1.11.jar;C:\Users\NIRAV DAVE\.m2\repository\org\apache\httpcomponents\httpmime\4.5.13\httpmime-4.5.13.jar;C:\Users\NIRAV DAVE\.m2\repository\org\hamcrest\hamcrest\2.2\hamcrest-2.2.jar;C:\Users\NIRAV DAVE\.m2\repository\org\ccil\cowan\tagsoup\tagsoup\1.2.1\tagsoup-1.2.1.jar;C:\Users\NIRAV DAVE\.m2\repository\io\rest-assured\json-path\5.5.0\json-path-5.5.0.jar;C:\Users\NIRAV DAVE\.m2\repository\org\apache\groovy\groovy-json\4.0.22\groovy-json-4.0.22.jar;C:\Users\NIRAV DAVE\.m2\repository\io\rest-assured\rest-assured-common\5.5.0\rest-assured-common-5.5.0.jar;C:\Users\NIRAV DAVE\.m2\repository\io\rest-assured\xml-path\5.5.0\xml-path-5.5.0.jar;C:\Users\NIRAV DAVE\.m2\repository\org\apache\commons\commons-lang3\3.11\commons-lang3-3.11.jar;C:\Users\NIRAV DAVE\.m2\repository\org\testng\testng\7.10.2\testng-7.10.2.jar;C:\Users\NIRAV DAVE\.m2\repository\org\slf4j\slf4j-api\1.7.36\slf4j-api-1.7.36.jar;C:\Users\NIRAV DAVE\.m2\repository\com\beust\jcommander\1.82\jcommander-1.82.jar;C:\Users\NIRAV DAVE\.m2\repository\org\webjars\jquery\3.7.1\jquery-3.7.1.jar;C:\Users\NIRAV DAVE\.m2\repository\io\qameta\allure\allure-testng\2.29.1\allure-testng-2.29.1.jar;C:\Users\NIRAV DAVE\.m2\repository\io\qameta\allure\allure-java-commons\2.29.1\allure-java-commons-2.29.1.jar;C:\Users\NIRAV DAVE\.m2\repository\io\qameta\allure\allure-model\2.29.1\allure-model-2.29.1.jar;C:\Users\NIRAV DAVE\.m2\repository\io\qameta\allure\allure-test-filter\2.29.1\allure-test-filter-2.29.1.jar
Launcher Type: SUN_STANDARD

[Global flags]
     intx CICompilerCount                          = 4                                         {product} {ergonomic}
     uint ConcGCThreads                            = 2                                         {product} {ergonomic}
     uint G1ConcRefinementThreads                  = 8                                         {product} {ergonomic}
   size_t G1HeapRegionSize                         = 1048576                                   {product} {ergonomic}
   size_t InitialHeapSize                          = 130023424                                 {product} {ergonomic}
   size_t MarkStackSize                            = 4194304                                   {product} {ergonomic}
   size_t MarkStackSizeMax                         = 536870912                                 {product} {ergonomic}
   size_t MaxHeapSize                              = 2080374784                                {product} {ergonomic}
   size_t MaxNewSize                               = 1247805440                                {product} {ergonomic}
   size_t MinHeapDeltaBytes                        = 1048576                                   {product} {ergonomic}
   size_t MinHeapSize                              = 8388608                                   {product} {ergonomic}
    uintx NonNMethodCodeHeapSize                   = 5832704                                {pd product} {ergonomic}
    uintx NonProfiledCodeHeapSize                  = 122945536                              {pd product} {ergonomic}
    uintx ProfiledCodeHeapSize                     = 122880000                              {pd product} {ergonomic}
    uintx ReservedCodeCacheSize                    = 251658240                              {pd product} {ergonomic}
     bool SegmentedCodeCache                       = true                                      {product} {ergonomic}
   size_t SoftMaxHeapSize                          = 2080374784                             {manageable} {ergonomic}
     bool UseCompressedOops                        = true                           {product lp64_product} {ergonomic}
     bool UseG1GC                                  = true                                      {product} {ergonomic}
     bool UseLargePagesIndividualAllocation        = false                                  {pd product} {ergonomic}

Logging:
Log output configuration:
 #0: stdout all=warning uptime,level,tags foldmultilines=false
 #1: stderr all=off uptime,level,tags foldmultilines=false

Environment Variables:
PATH=C:\Program Files\Common Files\Oracle\Java\javapath;C:\WINDOWS\system32;C:\WINDOWS;C:\WINDOWS\System32\Wbem;C:\WINDOWS\System32\WindowsPowerShell\v1.0\;C:\WINDOWS\System32\OpenSSH\;C:\Program Files\Java\jdk-17.0.2\bin;C:\Program Files\Microsoft\Web Platform Installer\;C:\Program Files (x86)\dotnet\;C:\WINDOWS\system32;C:\WINDOWS;C:\WINDOWS\System32\Wbem;C:\WINDOWS\System32\WindowsPowerShell\v1.0\;C:\WINDOWS\System32\OpenSSH\;C:\Users\NIRAV DAVE\AppData\Local\Programs\Python\Python311;C:\ProgramData\chocolatey\bin;C:\Program Files\HP\HP One Agent;C:\Program Files\Git\cmd;C:\Program Files\nodejs\;C:\Users\NIRAV DAVE\AppData\Local\Microsoft\WindowsApps;C:\Program Files\JetBrains\PyCharm Community Edition 2023.1.4\bin;;C:\Users\NIRAV DAVE\AppData\Local\Programs\Python\Python311;C:\Program Files\JetBrains\IntelliJ IDEA 2024.2.3\bin;;C:\Users\NIRAV DAVE\AppData\Local\JetBrains\IntelliJ IDEA Community Edition 2024.2.3\bin;;C:\Users\NIRAV DAVE\AppData\Roaming\npm
USERNAME=NIRAV DAVE
OS=Windows_NT
PROCESSOR_IDENTIFIER=Intel64 Family 6 Model 140 Stepping 1, GenuineIntel
TMP=C:\Users\NIRAVD~1\AppData\Local\Temp
TEMP=C:\Users\NIRAVD~1\AppData\Local\Temp




Periodic native trim disabled

---------------  S Y S T E M  ---------------

OS:
 Windows 11 , 64 bit Build 22621 (10.0.22621.4391)
OS uptime: 0 days 0:15 hours
Hyper-V role detected

CPU: total 8 (initial active 8) (4 cores per cpu, 2 threads per core) family 6 model 140 stepping 1 microcode 0xb8, cx8, cmov, fxsr, ht, mmx, 3dnowpref, sse, sse2, sse3, ssse3, sse4.1, sse4.2, popcnt, lzcnt, tsc, tscinvbit, avx, avx2, aes, erms, clmul, bmi1, bmi2, adx, avx512f, avx512dq, avx512cd, avx512bw, avx512vl, sha, fma, vzeroupper, avx512_vpopcntdq, avx512_vpclmulqdq, avx512_vaes, avx512_vnni, clflush, clflushopt, clwb, avx512_vbmi2, avx512_vbmi, hv, rdtscp, rdpid, fsrm, gfni, avx512_bitalg, f16c, cet_ibt, cet_ss, avx512_ifma
Processor Information for the first 8 processors :
  Max Mhz: 1997, Current Mhz: 1997, Mhz Limit: 1997

Memory: 4k page, system-wide physical 7932M (308M free)
TotalPageFile size 9980M (AvailPageFile size 3M)
current process WorkingSet (physical memory assigned to process): 154M, peak: 154M
current process commit charge ("private bytes"): 259M, peak: 262M

vm_info: OpenJDK 64-Bit Server VM (23.0.1+11-39) for windows-amd64 JRE (23.0.1+11-39), built on 2024-09-30T07:20:43Z with MS VC++ 17.6 (VS2022)

END.
